<?xml version="1.0" encoding="UTF-8"?>
<testsuites name="TS02" time="14.672" tests="2" failures="0" errors="0">
   <testsuite name="TS02" tests="2" failures="0" errors="0" time="14.672" skipped="0" timestamp="03-01-2024T09:52:30" hostname="kimtra - PNVL074.pn.com.vn" id="Test Suites/FlowerShop/TS02">
      <properties>
         <property name="deviceName" value=""/>
         <property name="devicePlatform" value=""/>
         <property name="logFolder" value="C:\\Users\\kimtra\\git\\FinalAutoTest\\Reports\\20240103_095225\\FlowerShop\\TS02\\20240103_095225"/>
         <property name="logFiles" value="C:\\Users\\kimtra\\git\\FinalAutoTest\\Reports\\20240103_095225\\FlowerShop\\TS02\\20240103_095225\\execution0.log"/>
         <property name="attachments" value=""/>
         <property name="hostName" value="kimtra - PNVL074.pn.com.vn"/>
         <property name="os" value="Windows 10 64bit"/>
         <property name="katalonVersion" value="9.2.0.212"/>
         <property name="browser" value="Chrome 120.0.0.0"/>
         <property name="hostAddress" value="192.168.102.101"/>
         <property name="sessionId" value="13423073c99b9816bc93f1e6206becb7"/>
         <property name="seleniumVersion" value="3.141.59"/>
         <property name="proxyInformation" value="ProxyInformation { proxyOption=NO_PROXY, proxyServerType=HTTP, username=, password=********, proxyServerAddress=, proxyServerPort=0, executionList=&quot;&quot;, isApplyToDesiredCapabilities=true }"/>
         <property name="platform" value="Windows 10"/>
      </properties>
      <testcase name="Test Cases/Signup/TC03" time="14.03" classname="Test Cases/Signup/TC03" status="PASSED">
         <system-out><![CDATA[03-01-2024T09:52:30 - [TEST_CASE][PASSED] - Test Cases/Signup/TC03: Test Cases/Signup/TC03

03-01-2024T09:52:31 - [TEST_STEP][PASSED] - openBrowser(""): Browser is opened with url: ''

03-01-2024T09:52:31 - [MESSAGE][INFO] - Starting 'Chrome' driver

03-01-2024T09:52:31 - [MESSAGE][INFO] - Action delay is set to 0 milliseconds

03-01-2024T09:52:33 - [MESSAGE][PASSED] - Browser is opened with url: ''

03-01-2024T09:52:33 - [TEST_STEP][PASSED] - navigateToUrl("https://hoayeuthuong.com/"): Navigate to 'https://hoayeuthuong.com/' successfully

03-01-2024T09:52:36 - [MESSAGE][PASSED] - Navigate to 'https://hoayeuthuong.com/' successfully

03-01-2024T09:52:36 - [TEST_STEP][PASSED] - click(findTestObject("Object Repository/Page_1 tin nhn mi/div_Ti khonSign inBn cha cha c ti khonNhn v_1096e6")): Object: 'Object Repository/Page_1 tin nhn mi/div_Ti khonSign inBn cha cha c ti khonNhn v_1096e6' is clicked on

03-01-2024T09:52:38 - [MESSAGE][PASSED] - Object: 'Object Repository/Page_1 tin nhn mi/div_Ti khonSign inBn cha cha c ti khonNhn v_1096e6' is clicked on

03-01-2024T09:52:38 - [TEST_STEP][PASSED] - click(findTestObject("Object Repository/Page_1 tin nhn mi/a_Sign in")): Object: 'Object Repository/Page_1 tin nhn mi/a_Sign in' is clicked on

03-01-2024T09:52:40 - [MESSAGE][PASSED] - Object: 'Object Repository/Page_1 tin nhn mi/a_Sign in' is clicked on

03-01-2024T09:52:40 - [TEST_STEP][PASSED] - setText(findTestObject("Object Repository/Page_shop hoa  hoa ti  in hoa  hoayeuthuong.com/input_ctl00cphContentucLogintxtEmail"), "ykimtra22062003@gmail.com"): Text 'ykimtra22062003@gmail.com' is set on object 'Object Repository/Page_shop hoa  hoa ti  in hoa  hoayeuthuong.com/input_ctl00cphContentucLogintxtEmail'

03-01-2024T09:52:41 - [MESSAGE][PASSED] - Text 'ykimtra22062003@gmail.com' is set on object 'Object Repository/Page_shop hoa  hoa ti  in hoa  hoayeuthuong.com/input_ctl00cphContentucLogintxtEmail'

03-01-2024T09:52:41 - [TEST_STEP][PASSED] - setEncryptedText(findTestObject("Object Repository/Page_shop hoa  hoa ti  in hoa  hoayeuthuong.com/input_ctl00cphContentucLogintxtPassword"), "VJ6uNRAKvEsaM3HKuewOwQ=="): Text ****** has been set on object 'Object Repository/Page_shop hoa  hoa ti  in hoa  hoayeuthuong.com/input_ctl00cphContentucLogintxtPassword'

03-01-2024T09:52:42 - [MESSAGE][PASSED] - Text ****** has been set on object 'Object Repository/Page_shop hoa  hoa ti  in hoa  hoayeuthuong.com/input_ctl00cphContentucLogintxtPassword'

03-01-2024T09:52:42 - [TEST_STEP][PASSED] - click(findTestObject("Object Repository/Page_shop hoa  hoa ti  in hoa  hoayeuthuong.com/input_ctl00cphContentucLoginbtnLogin")): Object: 'Object Repository/Page_shop hoa  hoa ti  in hoa  hoayeuthuong.com/input_ctl00cphContentucLoginbtnLogin' is clicked on

03-01-2024T09:52:44 - [MESSAGE][PASSED] - Object: 'Object Repository/Page_shop hoa  hoa ti  in hoa  hoayeuthuong.com/input_ctl00cphContentucLoginbtnLogin' is clicked on

03-01-2024T09:52:44 - [TEST_STEP][PASSED] - closeBrowser(): Browser is closed

03-01-2024T09:52:44 - [MESSAGE][PASSED] - Browser is closed]]></system-out>
         <system-err><![CDATA[]]></system-err>
      </testcase>
      <testcase name="Test Cases/Signup/TC04" time="0.238" classname="Test Cases/Signup/TC04" status="PASSED">
         <system-out><![CDATA[03-01-2024T09:52:44 - [TEST_CASE][PASSED] - Test Cases/Signup/TC04: Test Cases/Signup/TC04

03-01-2024T09:52:45 - [TEST_STEP][PASSED] - return null: null]]></system-out>
         <system-err><![CDATA[]]></system-err>
      </testcase>
      <system-out><![CDATA[03-01-2024T09:52:30 - [TEST_SUITE][PASSED] - TS02: Test Cases/Signup/TC04]]></system-out>
      <system-err><![CDATA[]]></system-err>
   </testsuite>
</testsuites>
