<?xml version="1.0" encoding="UTF-8"?>
<testsuites name="TS01" time="16.411" tests="2" failures="0" errors="0">
   <testsuite name="TS01" tests="2" failures="0" errors="0" time="16.411" skipped="0" timestamp="03-01-2024T09:51:34" hostname="kimtra - PNVL074.pn.com.vn" id="Test Suites/FlowerShop/TS01">
      <properties>
         <property name="deviceName" value=""/>
         <property name="devicePlatform" value=""/>
         <property name="logFolder" value="C:\\Users\\kimtra\\git\\FinalAutoTest\\Reports\\20240103_095129\\FlowerShop\\TS01\\20240103_095129"/>
         <property name="logFiles" value="C:\\Users\\kimtra\\git\\FinalAutoTest\\Reports\\20240103_095129\\FlowerShop\\TS01\\20240103_095129\\execution0.log"/>
         <property name="attachments" value=""/>
         <property name="hostName" value="kimtra - PNVL074.pn.com.vn"/>
         <property name="os" value="Windows 10 64bit"/>
         <property name="katalonVersion" value="9.2.0.212"/>
         <property name="browser" value="Chrome 120.0.0.0"/>
         <property name="hostAddress" value="192.168.102.101"/>
         <property name="sessionId" value="4cbb13dbd81cf4cead60567717a70534"/>
         <property name="seleniumVersion" value="3.141.59"/>
         <property name="proxyInformation" value="ProxyInformation { proxyOption=NO_PROXY, proxyServerType=HTTP, username=, password=********, proxyServerAddress=, proxyServerPort=0, executionList=&quot;&quot;, isApplyToDesiredCapabilities=true }"/>
         <property name="platform" value="Windows 10"/>
      </properties>
      <testcase name="Test Cases/Login/TC01" time="15.832" classname="Test Cases/Login/TC01" status="PASSED">
         <system-out><![CDATA[03-01-2024T09:51:35 - [TEST_CASE][PASSED] - Test Cases/Login/TC01: Test Cases/Login/TC01

03-01-2024T09:51:35 - [TEST_STEP][PASSED] - openBrowser(""): Browser is opened with url: ''

03-01-2024T09:51:36 - [MESSAGE][INFO] - Starting 'Chrome' driver

03-01-2024T09:51:36 - [MESSAGE][INFO] - Action delay is set to 0 milliseconds

03-01-2024T09:51:37 - [MESSAGE][PASSED] - Browser is opened with url: ''

03-01-2024T09:51:37 - [TEST_STEP][PASSED] - navigateToUrl("https://hoayeuthuong.com/"): Navigate to 'https://hoayeuthuong.com/' successfully

03-01-2024T09:51:40 - [MESSAGE][PASSED] - Navigate to 'https://hoayeuthuong.com/' successfully

03-01-2024T09:51:40 - [TEST_STEP][PASSED] - click(findTestObject("Object Repository/Page_Shop hoa ti Hoayeuthuong t hoa online,_070fbc/div_Ti khonSign inBn cha cha c ti khonNhn v_1096e6")): Object: 'Object Repository/Page_Shop hoa ti Hoayeuthuong t hoa online,_070fbc/div_Ti khonSign inBn cha cha c ti khonNhn v_1096e6' is clicked on

03-01-2024T09:51:42 - [MESSAGE][PASSED] - Object: 'Object Repository/Page_Shop hoa ti Hoayeuthuong t hoa online,_070fbc/div_Ti khonSign inBn cha cha c ti khonNhn v_1096e6' is clicked on

03-01-2024T09:51:42 - [TEST_STEP][PASSED] - click(findTestObject("Object Repository/Page_1 tin nhn mi/a_Sign in")): Object: 'Object Repository/Page_1 tin nhn mi/a_Sign in' is clicked on

03-01-2024T09:51:43 - [MESSAGE][PASSED] - Object: 'Object Repository/Page_1 tin nhn mi/a_Sign in' is clicked on

03-01-2024T09:51:43 - [TEST_STEP][PASSED] - setText(findTestObject("Object Repository/Page_shop hoa  hoa ti  in hoa  hoayeuthuong.com/input_ctl00cphContentucRegistertxtEmail"), "ykimtra22062003@gmail.com"): Text 'ykimtra22062003@gmail.com' is set on object 'Object Repository/Page_shop hoa  hoa ti  in hoa  hoayeuthuong.com/input_ctl00cphContentucRegistertxtEmail'

03-01-2024T09:51:44 - [MESSAGE][PASSED] - Text 'ykimtra22062003@gmail.com' is set on object 'Object Repository/Page_shop hoa  hoa ti  in hoa  hoayeuthuong.com/input_ctl00cphContentucRegistertxtEmail'

03-01-2024T09:51:44 - [TEST_STEP][PASSED] - setEncryptedText(findTestObject("Object Repository/Page_shop hoa  hoa ti  in hoa  hoayeuthuong.com/input_ctl00cphContentucRegistertxtPassword"), "VJ6uNRAKvEsaM3HKuewOwQ=="): Text ****** has been set on object 'Object Repository/Page_shop hoa  hoa ti  in hoa  hoayeuthuong.com/input_ctl00cphContentucRegistertxtPassword'

03-01-2024T09:51:45 - [MESSAGE][PASSED] - Text ****** has been set on object 'Object Repository/Page_shop hoa  hoa ti  in hoa  hoayeuthuong.com/input_ctl00cphContentucRegistertxtPassword'

03-01-2024T09:51:45 - [TEST_STEP][PASSED] - setText(findTestObject("Object Repository/Page_shop hoa  hoa ti  in hoa  hoayeuthuong.com/input_ctl00cphContentucRegistertxtFirstName"), "tra"): Text 'tra' is set on object 'Object Repository/Page_shop hoa  hoa ti  in hoa  hoayeuthuong.com/input_ctl00cphContentucRegistertxtFirstName'

03-01-2024T09:51:46 - [MESSAGE][PASSED] - Text 'tra' is set on object 'Object Repository/Page_shop hoa  hoa ti  in hoa  hoayeuthuong.com/input_ctl00cphContentucRegistertxtFirstName'

03-01-2024T09:51:46 - [TEST_STEP][PASSED] - setText(findTestObject("Object Repository/Page_shop hoa  hoa ti  in hoa  hoayeuthuong.com/input_ctl00cphContentucRegistertxtLastName"), "kim"): Text 'kim' is set on object 'Object Repository/Page_shop hoa  hoa ti  in hoa  hoayeuthuong.com/input_ctl00cphContentucRegistertxtLastName'

03-01-2024T09:51:47 - [MESSAGE][PASSED] - Text 'kim' is set on object 'Object Repository/Page_shop hoa  hoa ti  in hoa  hoayeuthuong.com/input_ctl00cphContentucRegistertxtLastName'

03-01-2024T09:51:47 - [TEST_STEP][PASSED] - click(findTestObject("Object Repository/Page_shop hoa  hoa ti  in hoa  hoayeuthuong.com/input_ctl00cphContentucRegistertxtLastName")): Object: 'Object Repository/Page_shop hoa  hoa ti  in hoa  hoayeuthuong.com/input_ctl00cphContentucRegistertxtLastName' is clicked on

03-01-2024T09:51:47 - [MESSAGE][PASSED] - Object: 'Object Repository/Page_shop hoa  hoa ti  in hoa  hoayeuthuong.com/input_ctl00cphContentucRegistertxtLastName' is clicked on

03-01-2024T09:51:47 - [TEST_STEP][PASSED] - setText(findTestObject("Object Repository/Page_shop hoa  hoa ti  in hoa  hoayeuthuong.com/input_ctl00cphContentucRegistertxtPhoneNumber"), "0869856193"): Text '0869856193' is set on object 'Object Repository/Page_shop hoa  hoa ti  in hoa  hoayeuthuong.com/input_ctl00cphContentucRegistertxtPhoneNumber'

03-01-2024T09:51:48 - [MESSAGE][PASSED] - Text '0869856193' is set on object 'Object Repository/Page_shop hoa  hoa ti  in hoa  hoayeuthuong.com/input_ctl00cphContentucRegistertxtPhoneNumber'

03-01-2024T09:51:48 - [TEST_STEP][PASSED] - setText(findTestObject("Object Repository/Page_shop hoa  hoa ti  in hoa  hoayeuthuong.com/input_ctl00cphContentucRegistertxtAddress"), "Mỹ khuê 3, Đà nẵng"): Text 'Mỹ khuê 3, Đà nẵng' is set on object 'Object Repository/Page_shop hoa  hoa ti  in hoa  hoayeuthuong.com/input_ctl00cphContentucRegistertxtAddress'

03-01-2024T09:51:49 - [MESSAGE][PASSED] - Text 'Mỹ khuê 3, Đà nẵng' is set on object 'Object Repository/Page_shop hoa  hoa ti  in hoa  hoayeuthuong.com/input_ctl00cphContentucRegistertxtAddress'

03-01-2024T09:51:49 - [TEST_STEP][PASSED] - click(findTestObject("Object Repository/Page_shop hoa  hoa ti  in hoa  hoayeuthuong.com/input_ctl00cphContentucRegisterbtnRegister")): Object: 'Object Repository/Page_shop hoa  hoa ti  in hoa  hoayeuthuong.com/input_ctl00cphContentucRegisterbtnRegister' is clicked on

03-01-2024T09:51:50 - [MESSAGE][PASSED] - Object: 'Object Repository/Page_shop hoa  hoa ti  in hoa  hoayeuthuong.com/input_ctl00cphContentucRegisterbtnRegister' is clicked on

03-01-2024T09:51:50 - [TEST_STEP][PASSED] - closeBrowser(): Browser is closed

03-01-2024T09:51:50 - [MESSAGE][PASSED] - Browser is closed]]></system-out>
         <system-err><![CDATA[]]></system-err>
      </testcase>
      <testcase name="Test Cases/Login/TC02" time="0.199" classname="Test Cases/Login/TC02" status="PASSED">
         <system-out><![CDATA[03-01-2024T09:51:50 - [TEST_CASE][PASSED] - Test Cases/Login/TC02: Test Cases/Login/TC02

03-01-2024T09:51:51 - [TEST_STEP][PASSED] - return null: null]]></system-out>
         <system-err><![CDATA[]]></system-err>
      </testcase>
      <system-out><![CDATA[03-01-2024T09:51:34 - [TEST_SUITE][PASSED] - TS01: Test Cases/Login/TC02]]></system-out>
      <system-err><![CDATA[]]></system-err>
   </testsuite>
</testsuites>
